<?xml version="1.0" encoding="UTF-8"?>
<!-- Generated by org.testng.reporters.JUnitReportReporter -->
<testsuite hostname="ASDW0041" name="test.Test_the_tatoc" tests="11" failures="0" timestamp="25 Jun 2018 13:09:51 GMT" time="6.323" errors="0">
  <testcase name="dopositivetestingonlauncwindow" time="1.570" classname="test.Test_the_tatoc"/>
  <testcase name="dragfunctionality" time="0.287" classname="test.Test_the_tatoc"/>
  <testcase name="do_positive_test_on_cookiesetter_page" time="0.282" classname="test.Test_the_tatoc"/>
  <testcase name="matchtheboxcolor" time="0.836" classname="test.Test_the_tatoc"/>
  <testcase name="check_for_green_box" time="0.327" classname="test.Test_the_tatoc"/>
  <testcase name="click_on_unmatched_box_leads_to_errorpage" time="0.552" classname="test.Test_the_tatoc"/>
  <testcase name="proceedingwithoulaunching" time="0.187" classname="test.Test_the_tatoc"/>
  <testcase name="proceedwithlaunchbutemptyinput" time="1.404" classname="test.Test_the_tatoc"/>
  <testcase name="is_basic_course_clickable" time="0.274" classname="test.Test_the_tatoc"/>
  <testcase name="is_redbox_leads_to_error_page" time="0.279" classname="test.Test_the_tatoc"/>
  <testcase name="do_negative_test_on_cookieseeter_page" time="0.325" classname="test.Test_the_tatoc"/>
</testsuite>
